2025-01-23 13:26:54,356 [INFO]: Starting scraper...
2025-01-23 13:26:54,361 [INFO]: Loaded 50 restaurant links from wanderlog_restaurants.csv
2025-01-23 13:26:54,362 [INFO]: Scraping 1/50: https://wanderlog.com/place/details/893386/grazia-fine-food--wine
2025-01-23 13:26:56,192 [INFO]: Scraping 2/50: https://wanderlog.com/place/details/2902979/lavender-blue-market-café--deli
2025-01-23 13:26:57,903 [INFO]: Scraping 3/50: https://wanderlog.com/place/details/2801883/the-beach-break
2025-01-23 13:26:59,950 [INFO]: Scraping 4/50: https://wanderlog.com/place/details/233652/emerald-vale-brewery
2025-01-23 13:27:01,998 [INFO]: Scraping 5/50: https://wanderlog.com/place/details/63711/sanook-cafe-east-london
2025-01-23 13:27:03,811 [INFO]: Scraping 6/50: https://wanderlog.com/place/details/893394/ocean-basket-east-london
2025-01-23 13:27:07,087 [INFO]: Scraping 7/50: https://wanderlog.com/place/details/2801908/café-neo
2025-01-23 13:27:08,799 [INFO]: Scraping 8/50: https://wanderlog.com/place/details/2801860/cantina-and-craft
2025-01-23 13:27:10,586 [INFO]: Scraping 9/50: https://wanderlog.com/place/details/893392/the-cow-and-milk-shed
2025-01-23 13:27:12,415 [INFO]: Scraping 10/50: https://wanderlog.com/place/details/893395/pinecreek-restaurant--farmstall
2025-01-23 13:27:14,157 [ERROR]: Failed to scrape https://wanderlog.com/place/details/893395/pinecreek-restaurant--farmstall: 'NoneType' object has no attribute 'get_text'
2025-01-23 13:27:14,158 [INFO]: Scraping 11/50: https://wanderlog.com/place/details/2801853/jules-on-jarvis
2025-01-23 13:27:16,058 [INFO]: Scraping 12/50: https://wanderlog.com/place/details/3472366/sea-spirit-fish-market-restaurant
2025-01-23 13:27:18,580 [ERROR]: Failed to scrape https://wanderlog.com/place/details/3472366/sea-spirit-fish-market-restaurant: 'NoneType' object has no attribute 'get_text'
2025-01-23 13:27:18,581 [INFO]: Scraping 13/50: https://wanderlog.com/place/details/3192615/the-grillroom
2025-01-23 13:27:20,767 [INFO]: Scraping 14/50: https://wanderlog.com/place/details/893400/sanook-eatery
2025-01-23 13:27:22,524 [INFO]: Scraping 15/50: https://wanderlog.com/place/details/893407/buccaneers
2025-01-23 13:27:24,194 [ERROR]: Failed to scrape https://wanderlog.com/place/details/893407/buccaneers: 'NoneType' object has no attribute 'get_text'
2025-01-23 13:27:24,195 [INFO]: Scraping 16/50: https://wanderlog.com/place/details/893388/the-cricketer
2025-01-23 13:27:26,594 [INFO]: Scraping 17/50: https://wanderlog.com/place/details/2801895/guidos-beachfront
2025-01-23 13:27:29,090 [ERROR]: Failed to scrape https://wanderlog.com/place/details/2801895/guidos-beachfront: 'NoneType' object has no attribute 'get_text'
2025-01-23 13:27:29,091 [INFO]: Scraping 18/50: https://wanderlog.com/place/details/2802072/the-reef-café
2025-01-23 13:27:30,810 [INFO]: Scraping 19/50: https://wanderlog.com/place/details/2801907/silver-eagle-spur-steak-ranch
2025-01-23 13:27:32,805 [INFO]: Scraping 20/50: https://wanderlog.com/place/details/2801894/ginger--co
2025-01-23 13:27:34,481 [INFO]: Scraping 21/50: https://wanderlog.com/place/details/7694484/john-dorys-hemingways-mall
2025-01-23 13:27:36,169 [INFO]: Scraping 22/50: https://wanderlog.com/place/details/4466320/country-bumpkin-floradale
2025-01-23 13:27:37,966 [ERROR]: Failed to scrape https://wanderlog.com/place/details/4466320/country-bumpkin-floradale: 'NoneType' object has no attribute 'get_text'
2025-01-23 13:27:37,968 [INFO]: Scraping 23/50: https://wanderlog.com/place/details/9889044/irana-indian-cuisine
2025-01-23 13:27:39,749 [ERROR]: Failed to scrape https://wanderlog.com/place/details/9889044/irana-indian-cuisine: 'NoneType' object has no attribute 'get_text'
2025-01-23 13:27:39,753 [INFO]: Scraping 24/50: https://wanderlog.com/place/details/2801849/irana-indian-restaurant
2025-01-23 13:27:41,563 [INFO]: Scraping 25/50: https://wanderlog.com/place/details/2801878/windmill-roadhouse
2025-01-23 13:27:43,391 [INFO]: Scraping 26/50: https://wanderlog.com/place/details/2801940/mugg--bean
2025-01-23 13:27:45,294 [INFO]: Scraping 27/50: https://wanderlog.com/place/details/2801896/shanghai-chinese-restaurant--sushi-bar
2025-01-23 13:27:46,984 [INFO]: Scraping 28/50: https://wanderlog.com/place/details/2801889/heavenly-pancake-house
2025-01-23 13:27:48,754 [INFO]: Scraping 29/50: https://wanderlog.com/place/details/2801934/table-58-brewing
2025-01-23 13:27:51,249 [INFO]: Scraping 30/50: https://wanderlog.com/place/details/2801866/wimpy
2025-01-23 13:27:55,331 [INFO]: Scraping 31/50: https://wanderlog.com/place/details/2943439/panarottis-hemingways
2025-01-23 13:27:57,041 [INFO]: Scraping 32/50: https://wanderlog.com/place/details/2902997/cafe-felix
2025-01-23 13:27:59,362 [ERROR]: Failed to scrape https://wanderlog.com/place/details/2902997/cafe-felix: 'NoneType' object has no attribute 'get_text'
2025-01-23 13:27:59,362 [INFO]: Scraping 33/50: https://wanderlog.com/place/details/3001073/la-cuisinette
2025-01-23 13:28:01,468 [INFO]: Scraping 34/50: https://wanderlog.com/place/details/893402/ciao-bella-cafe--pizzeria
2025-01-23 13:28:03,188 [INFO]: Scraping 35/50: https://wanderlog.com/place/details/3001096/thyme-fusion-gin-bar--eatery
2025-01-23 13:28:04,963 [ERROR]: Failed to scrape https://wanderlog.com/place/details/3001096/thyme-fusion-gin-bar--eatery: 'NoneType' object has no attribute 'get_text'
2025-01-23 13:28:04,963 [INFO]: Scraping 36/50: https://wanderlog.com/place/details/3192635/brazas-portuguese-fusion
2025-01-23 13:28:06,762 [INFO]: Scraping 37/50: https://wanderlog.com/place/details/3192626/abbotsford-arms
2025-01-23 13:28:08,434 [ERROR]: Failed to scrape https://wanderlog.com/place/details/3192626/abbotsford-arms: 'NoneType' object has no attribute 'get_text'
2025-01-23 13:28:08,435 [INFO]: Scraping 38/50: https://wanderlog.com/place/details/3001098/areena-quays-restaurant
2025-01-23 13:28:10,222 [INFO]: Scraping 39/50: https://wanderlog.com/place/details/2801923/jade-garden-fusion-restaurant
2025-01-23 13:28:11,959 [INFO]: Scraping 40/50: https://wanderlog.com/place/details/893406/key-largo
2025-01-23 13:28:13,748 [INFO]: Scraping 41/50: https://wanderlog.com/place/details/3192645/mr-hydes-restaurant--pub
2025-01-23 13:28:15,841 [ERROR]: Failed to scrape https://wanderlog.com/place/details/3192645/mr-hydes-restaurant--pub: 'NoneType' object has no attribute 'get_text'
2025-01-23 13:28:15,841 [INFO]: Scraping 42/50: https://wanderlog.com/place/details/3192627/elahleni-food-and-braai
2025-01-23 13:28:17,543 [INFO]: Scraping 43/50: https://wanderlog.com/place/details/3192657/mcdonalds-oxford-road-drive-thru
2025-01-23 13:28:19,480 [INFO]: Scraping 44/50: https://wanderlog.com/explore/80591/mpongo-private-game-reserve
2025-01-23 13:28:21,999 [ERROR]: Failed to scrape https://wanderlog.com/explore/80591/mpongo-private-game-reserve: 'NoneType' object has no attribute 'get_text'
2025-01-23 13:28:22,004 [INFO]: Scraping 45/50: https://wanderlog.com/place/details/798614/quarry-lake-inn
2025-01-23 13:28:24,464 [INFO]: Scraping 46/50: https://wanderlog.com/place/details/2979665/yang-yang-kitchen
2025-01-23 13:28:26,192 [ERROR]: Failed to scrape https://wanderlog.com/place/details/2979665/yang-yang-kitchen: 'NoneType' object has no attribute 'get_text'
2025-01-23 13:28:26,193 [INFO]: Scraping 47/50: https://wanderlog.com/place/details/2318543/blue-sea-guest-house
2025-01-23 13:28:29,947 [INFO]: Scraping 48/50: https://wanderlog.com/place/details/823795/busa-guest-house
2025-01-23 13:28:32,170 [ERROR]: Failed to scrape https://wanderlog.com/place/details/823795/busa-guest-house: 'NoneType' object has no attribute 'get_text'
2025-01-23 13:28:32,170 [INFO]: Scraping 49/50: https://wanderlog.com/place/details/2979705/café-du-jardin
2025-01-23 13:28:34,783 [ERROR]: Failed to scrape https://wanderlog.com/place/details/2979705/café-du-jardin: 'NoneType' object has no attribute 'get_text'
2025-01-23 13:28:34,783 [INFO]: Scraping 50/50: https://wanderlog.com/place/details/893405/rocomamas-beacon-bay-crossing
2025-01-23 13:28:36,954 [INFO]: Data saved to restaurant_details_20250123_132836.csv and restaurant_details_20250123_132836.xlsx
2025-01-23 13:28:36,954 [INFO]: Scraper finished successfully.
